[82924] 13 May 14:03:45.282 * Increased maximum number of open files to 10032 (it was originally set to 2560).
                _._                                                  
           _.-``__ ''-._                                             
      _.-``    `.  `_.  ''-._           Redis 2.8.17 (2cf0af2c/0) 64 bit
  .-`` .-```.  ```\/    _.,_ ''-._                                   
 (    '      ,       .-`  | `,    )     Running in stand alone mode
 |`-._`-...-` __...-.``-._|'` _.-'|     Port: 0
 |    `-._   `._    /     _.-'    |     PID: 82924
  `-._    `-._  `-./  _.-'    _.-'                                   
 |`-._`-._    `-.__.-'    _.-'_.-'|                                  
 |    `-._`-._        _.-'_.-'    |           http://redis.io        
  `-._    `-._`-.__.-'_.-'    _.-'                                   
 |`-._`-._    `-.__.-'    _.-'_.-'|                                  
 |    `-._`-._        _.-'_.-'    |                                  
  `-._    `-._`-.__.-'_.-'    _.-'                                   
      `-._    `-.__.-'    _.-'                                       
          `-._        _.-'                                           
              `-.__.-'                                               

[82924] 13 May 14:03:45.290 # Server started, Redis version 2.8.17
[82924] 13 May 14:03:45.291 * The server is now ready to accept connections at /var/folders/dq/fmxvg7vn0p1gq5h1rb_h6p700000gn/T/tmp90E77B/redis.socket
[82924] 13 May 14:03:45.384 # User requested shutdown...
[82924] 13 May 14:03:45.384 * Saving the final RDB snapshot before exiting.
[82924] 13 May 14:03:45.385 * DB saved on disk
[82924] 13 May 14:03:45.385 * Removing the pid file.
[82924] 13 May 14:03:45.386 * Removing the unix socket file.
[82924] 13 May 14:03:45.386 # Redis is now ready to exit, bye bye...
[82960] 13 May 14:04:00.342 * Increased maximum number of open files to 10032 (it was originally set to 2560).
                _._                                                  
           _.-``__ ''-._                                             
      _.-``    `.  `_.  ''-._           Redis 2.8.17 (2cf0af2c/0) 64 bit
  .-`` .-```.  ```\/    _.,_ ''-._                                   
 (    '      ,       .-`  | `,    )     Running in stand alone mode
 |`-._`-...-` __...-.``-._|'` _.-'|     Port: 0
 |    `-._   `._    /     _.-'    |     PID: 82960
  `-._    `-._  `-./  _.-'    _.-'                                   
 |`-._`-._    `-.__.-'    _.-'_.-'|                                  
 |    `-._`-._        _.-'_.-'    |           http://redis.io        
  `-._    `-._`-.__.-'_.-'    _.-'                                   
 |`-._`-._    `-.__.-'    _.-'_.-'|                                  
 |    `-._`-._        _.-'_.-'    |                                  
  `-._    `-._`-.__.-'_.-'    _.-'                                   
      `-._    `-.__.-'    _.-'                                       
          `-._        _.-'                                           
              `-.__.-'                                               

[82960] 13 May 14:04:00.345 # Server started, Redis version 2.8.17
[82960] 13 May 14:04:00.346 * DB loaded from disk: 0.001 seconds
[82960] 13 May 14:04:00.346 * The server is now ready to accept connections at /var/folders/dq/fmxvg7vn0p1gq5h1rb_h6p700000gn/T/tmpPsttbr/redis.socket
[82960] 13 May 14:04:00.446 # User requested shutdown...
[82960] 13 May 14:04:00.446 * Saving the final RDB snapshot before exiting.
[82960] 13 May 14:04:00.447 * DB saved on disk
[82960] 13 May 14:04:00.447 * Removing the pid file.
[82960] 13 May 14:04:00.448 * Removing the unix socket file.
[82960] 13 May 14:04:00.448 # Redis is now ready to exit, bye bye...
[82970] 13 May 14:04:05.800 * Increased maximum number of open files to 10032 (it was originally set to 2560).
                _._                                                  
           _.-``__ ''-._                                             
      _.-``    `.  `_.  ''-._           Redis 2.8.17 (2cf0af2c/0) 64 bit
  .-`` .-```.  ```\/    _.,_ ''-._                                   
 (    '      ,       .-`  | `,    )     Running in stand alone mode
 |`-._`-...-` __...-.``-._|'` _.-'|     Port: 0
 |    `-._   `._    /     _.-'    |     PID: 82970
  `-._    `-._  `-./  _.-'    _.-'                                   
 |`-._`-._    `-.__.-'    _.-'_.-'|                                  
 |    `-._`-._        _.-'_.-'    |           http://redis.io        
  `-._    `-._`-.__.-'_.-'    _.-'                                   
 |`-._`-._    `-.__.-'    _.-'_.-'|                                  
 |    `-._`-._        _.-'_.-'    |                                  
  `-._    `-._`-.__.-'_.-'    _.-'                                   
      `-._    `-.__.-'    _.-'                                       
          `-._        _.-'                                           
              `-.__.-'                                               

[82970] 13 May 14:04:05.802 # Server started, Redis version 2.8.17
[82970] 13 May 14:04:05.802 * DB loaded from disk: 0.000 seconds
[82970] 13 May 14:04:05.802 * The server is now ready to accept connections at /var/folders/dq/fmxvg7vn0p1gq5h1rb_h6p700000gn/T/tmpv4pU9h/redis.socket
[82970] 13 May 14:19:04.718 # User requested shutdown...
[82970] 13 May 14:19:04.718 * Saving the final RDB snapshot before exiting.
[82970] 13 May 14:19:04.721 * DB saved on disk
[82970] 13 May 14:19:04.721 * Removing the pid file.
[82970] 13 May 14:19:04.722 * Removing the unix socket file.
[82970] 13 May 14:19:04.722 # Redis is now ready to exit, bye bye...
[84296] 13 May 14:36:30.339 * Increased maximum number of open files to 10032 (it was originally set to 2560).
                _._                                                  
           _.-``__ ''-._                                             
      _.-``    `.  `_.  ''-._           Redis 2.8.17 (2cf0af2c/0) 64 bit
  .-`` .-```.  ```\/    _.,_ ''-._                                   
 (    '      ,       .-`  | `,    )     Running in stand alone mode
 |`-._`-...-` __...-.``-._|'` _.-'|     Port: 0
 |    `-._   `._    /     _.-'    |     PID: 84296
  `-._    `-._  `-./  _.-'    _.-'                                   
 |`-._`-._    `-.__.-'    _.-'_.-'|                                  
 |    `-._`-._        _.-'_.-'    |           http://redis.io        
  `-._    `-._`-.__.-'_.-'    _.-'                                   
 |`-._`-._    `-.__.-'    _.-'_.-'|                                  
 |    `-._`-._        _.-'_.-'    |                                  
  `-._    `-._`-.__.-'_.-'    _.-'                                   
      `-._    `-.__.-'    _.-'                                       
          `-._        _.-'                                           
              `-.__.-'                                               

[84296] 13 May 14:36:30.347 # Server started, Redis version 2.8.17
[84296] 13 May 14:36:30.348 * DB loaded from disk: 0.001 seconds
[84296] 13 May 14:36:30.348 * The server is now ready to accept connections at /var/folders/dq/fmxvg7vn0p1gq5h1rb_h6p700000gn/T/tmp20vCN3/redis.socket
[84296] 13 May 14:51:04.206 # User requested shutdown...
[84296] 13 May 14:51:04.206 * Saving the final RDB snapshot before exiting.
[84296] 13 May 14:51:04.208 * DB saved on disk
[84296] 13 May 14:51:04.208 * Removing the pid file.
[84296] 13 May 14:51:04.209 * Removing the unix socket file.
[84296] 13 May 14:51:04.209 # Redis is now ready to exit, bye bye...
[84765] 13 May 14:51:05.001 * Increased maximum number of open files to 10032 (it was originally set to 2560).
                _._                                                  
           _.-``__ ''-._                                             
      _.-``    `.  `_.  ''-._           Redis 2.8.17 (2cf0af2c/0) 64 bit
  .-`` .-```.  ```\/    _.,_ ''-._                                   
 (    '      ,       .-`  | `,    )     Running in stand alone mode
 |`-._`-...-` __...-.``-._|'` _.-'|     Port: 0
 |    `-._   `._    /     _.-'    |     PID: 84765
  `-._    `-._  `-./  _.-'    _.-'                                   
 |`-._`-._    `-.__.-'    _.-'_.-'|                                  
 |    `-._`-._        _.-'_.-'    |           http://redis.io        
  `-._    `-._`-.__.-'_.-'    _.-'                                   
 |`-._`-._    `-.__.-'    _.-'_.-'|                                  
 |    `-._`-._        _.-'_.-'    |                                  
  `-._    `-._`-.__.-'_.-'    _.-'                                   
      `-._    `-.__.-'    _.-'                                       
          `-._        _.-'                                           
              `-.__.-'                                               

[84765] 13 May 14:51:05.002 # Server started, Redis version 2.8.17
[84765] 13 May 14:51:05.003 * DB loaded from disk: 0.000 seconds
[84765] 13 May 14:51:05.003 * The server is now ready to accept connections at /var/folders/dq/fmxvg7vn0p1gq5h1rb_h6p700000gn/T/tmpdOCRCm/redis.socket
[84765] 13 May 15:00:52.739 # User requested shutdown...
[84765] 13 May 15:00:52.739 * Saving the final RDB snapshot before exiting.
[84765] 13 May 15:00:52.741 * DB saved on disk
[84765] 13 May 15:00:52.741 * Removing the pid file.
[84765] 13 May 15:00:52.741 * Removing the unix socket file.
[84765] 13 May 15:00:52.742 # Redis is now ready to exit, bye bye...
[85049] 13 May 15:00:53.244 * Increased maximum number of open files to 10032 (it was originally set to 2560).
                _._                                                  
           _.-``__ ''-._                                             
      _.-``    `.  `_.  ''-._           Redis 2.8.17 (2cf0af2c/0) 64 bit
  .-`` .-```.  ```\/    _.,_ ''-._                                   
 (    '      ,       .-`  | `,    )     Running in stand alone mode
 |`-._`-...-` __...-.``-._|'` _.-'|     Port: 0
 |    `-._   `._    /     _.-'    |     PID: 85049
  `-._    `-._  `-./  _.-'    _.-'                                   
 |`-._`-._    `-.__.-'    _.-'_.-'|                                  
 |    `-._`-._        _.-'_.-'    |           http://redis.io        
  `-._    `-._`-.__.-'_.-'    _.-'                                   
 |`-._`-._    `-.__.-'    _.-'_.-'|                                  
 |    `-._`-._        _.-'_.-'    |                                  
  `-._    `-._`-.__.-'_.-'    _.-'                                   
      `-._    `-.__.-'    _.-'                                       
          `-._        _.-'                                           
              `-.__.-'                                               

[85049] 13 May 15:00:53.245 # Server started, Redis version 2.8.17
[85049] 13 May 15:00:53.245 * DB loaded from disk: 0.000 seconds
[85049] 13 May 15:00:53.245 * The server is now ready to accept connections at /var/folders/dq/fmxvg7vn0p1gq5h1rb_h6p700000gn/T/tmpvmT1lf/redis.socket
[85049] 13 May 15:00:57.641 # User requested shutdown...
[85049] 13 May 15:00:57.641 * Saving the final RDB snapshot before exiting.
[85049] 13 May 15:00:57.643 * DB saved on disk
[85049] 13 May 15:00:57.643 * Removing the pid file.
[85049] 13 May 15:00:57.643 * Removing the unix socket file.
[85049] 13 May 15:00:57.643 # Redis is now ready to exit, bye bye...
[85076] 13 May 15:01:22.642 * Increased maximum number of open files to 10032 (it was originally set to 2560).
                _._                                                  
           _.-``__ ''-._                                             
      _.-``    `.  `_.  ''-._           Redis 2.8.17 (2cf0af2c/0) 64 bit
  .-`` .-```.  ```\/    _.,_ ''-._                                   
 (    '      ,       .-`  | `,    )     Running in stand alone mode
 |`-._`-...-` __...-.``-._|'` _.-'|     Port: 0
 |    `-._   `._    /     _.-'    |     PID: 85076
  `-._    `-._  `-./  _.-'    _.-'                                   
 |`-._`-._    `-.__.-'    _.-'_.-'|                                  
 |    `-._`-._        _.-'_.-'    |           http://redis.io        
  `-._    `-._`-.__.-'_.-'    _.-'                                   
 |`-._`-._    `-.__.-'    _.-'_.-'|                                  
 |    `-._`-._        _.-'_.-'    |                                  
  `-._    `-._`-.__.-'_.-'    _.-'                                   
      `-._    `-.__.-'    _.-'                                       
          `-._        _.-'                                           
              `-.__.-'                                               

[85076] 13 May 15:01:22.643 # Server started, Redis version 2.8.17
[85076] 13 May 15:01:22.643 * DB loaded from disk: 0.000 seconds
[85076] 13 May 15:01:22.644 * The server is now ready to accept connections at /var/folders/dq/fmxvg7vn0p1gq5h1rb_h6p700000gn/T/tmpJTzcHS/redis.socket
[85076] 13 May 15:12:16.857 # User requested shutdown...
[85076] 13 May 15:12:16.857 * Saving the final RDB snapshot before exiting.
[85076] 13 May 15:12:16.860 * DB saved on disk
[85076] 13 May 15:12:16.860 * Removing the pid file.
[85076] 13 May 15:12:16.861 * Removing the unix socket file.
[85076] 13 May 15:12:16.861 # Redis is now ready to exit, bye bye...
[85743] 13 May 15:12:39.851 * Increased maximum number of open files to 10032 (it was originally set to 2560).
                _._                                                  
           _.-``__ ''-._                                             
      _.-``    `.  `_.  ''-._           Redis 2.8.17 (2cf0af2c/0) 64 bit
  .-`` .-```.  ```\/    _.,_ ''-._                                   
 (    '      ,       .-`  | `,    )     Running in stand alone mode
 |`-._`-...-` __...-.``-._|'` _.-'|     Port: 0
 |    `-._   `._    /     _.-'    |     PID: 85743
  `-._    `-._  `-./  _.-'    _.-'                                   
 |`-._`-._    `-.__.-'    _.-'_.-'|                                  
 |    `-._`-._        _.-'_.-'    |           http://redis.io        
  `-._    `-._`-.__.-'_.-'    _.-'                                   
 |`-._`-._    `-.__.-'    _.-'_.-'|                                  
 |    `-._`-._        _.-'_.-'    |                                  
  `-._    `-._`-.__.-'_.-'    _.-'                                   
      `-._    `-.__.-'    _.-'                                       
          `-._        _.-'                                           
              `-.__.-'                                               

[85743] 13 May 15:12:39.854 # Server started, Redis version 2.8.17
[85743] 13 May 15:12:39.854 * DB loaded from disk: 0.000 seconds
[85743] 13 May 15:12:39.854 * The server is now ready to accept connections at /var/folders/dq/fmxvg7vn0p1gq5h1rb_h6p700000gn/T/tmppDakuU/redis.socket
[85743] 13 May 15:12:59.059 # User requested shutdown...
[85743] 13 May 15:12:59.059 * Saving the final RDB snapshot before exiting.
[85743] 13 May 15:12:59.061 * DB saved on disk
[85743] 13 May 15:12:59.061 * Removing the pid file.
[85743] 13 May 15:12:59.061 * Removing the unix socket file.
[85743] 13 May 15:12:59.061 # Redis is now ready to exit, bye bye...
[85783] 13 May 15:12:59.707 * Increased maximum number of open files to 10032 (it was originally set to 2560).
                _._                                                  
           _.-``__ ''-._                                             
      _.-``    `.  `_.  ''-._           Redis 2.8.17 (2cf0af2c/0) 64 bit
  .-`` .-```.  ```\/    _.,_ ''-._                                   
 (    '      ,       .-`  | `,    )     Running in stand alone mode
 |`-._`-...-` __...-.``-._|'` _.-'|     Port: 0
 |    `-._   `._    /     _.-'    |     PID: 85783
  `-._    `-._  `-./  _.-'    _.-'                                   
 |`-._`-._    `-.__.-'    _.-'_.-'|                                  
 |    `-._`-._        _.-'_.-'    |           http://redis.io        
  `-._    `-._`-.__.-'_.-'    _.-'                                   
 |`-._`-._    `-.__.-'    _.-'_.-'|                                  
 |    `-._`-._        _.-'_.-'    |                                  
  `-._    `-._`-.__.-'_.-'    _.-'                                   
      `-._    `-.__.-'    _.-'                                       
          `-._        _.-'                                           
              `-.__.-'                                               

[85783] 13 May 15:12:59.709 # Server started, Redis version 2.8.17
[85783] 13 May 15:12:59.709 * DB loaded from disk: 0.000 seconds
[85783] 13 May 15:12:59.709 * The server is now ready to accept connections at /var/folders/dq/fmxvg7vn0p1gq5h1rb_h6p700000gn/T/tmpNoFsFz/redis.socket
[85783] 13 May 15:58:46.579 # User requested shutdown...
[85783] 13 May 15:58:46.579 * Saving the final RDB snapshot before exiting.
[85783] 13 May 15:58:46.582 * DB saved on disk
[85783] 13 May 15:58:46.582 * Removing the pid file.
[85783] 13 May 15:58:46.583 * Removing the unix socket file.
[85783] 13 May 15:58:46.583 # Redis is now ready to exit, bye bye...
[88055] 13 May 16:09:18.880 * Increased maximum number of open files to 10032 (it was originally set to 2560).
                _._                                                  
           _.-``__ ''-._                                             
      _.-``    `.  `_.  ''-._           Redis 2.8.17 (2cf0af2c/0) 64 bit
  .-`` .-```.  ```\/    _.,_ ''-._                                   
 (    '      ,       .-`  | `,    )     Running in stand alone mode
 |`-._`-...-` __...-.``-._|'` _.-'|     Port: 0
 |    `-._   `._    /     _.-'    |     PID: 88055
  `-._    `-._  `-./  _.-'    _.-'                                   
 |`-._`-._    `-.__.-'    _.-'_.-'|                                  
 |    `-._`-._        _.-'_.-'    |           http://redis.io        
  `-._    `-._`-.__.-'_.-'    _.-'                                   
 |`-._`-._    `-.__.-'    _.-'_.-'|                                  
 |    `-._`-._        _.-'_.-'    |                                  
  `-._    `-._`-.__.-'_.-'    _.-'                                   
      `-._    `-.__.-'    _.-'                                       
          `-._        _.-'                                           
              `-.__.-'                                               

[88055] 13 May 16:09:18.885 # Server started, Redis version 2.8.17
[88055] 13 May 16:09:18.886 * DB loaded from disk: 0.001 seconds
[88055] 13 May 16:09:18.886 * The server is now ready to accept connections at /var/folders/dq/fmxvg7vn0p1gq5h1rb_h6p700000gn/T/tmpUS4ukn/redis.socket
[88055] 13 May 16:20:50.366 # User requested shutdown...
[88055] 13 May 16:20:50.367 * Saving the final RDB snapshot before exiting.
[88055] 13 May 16:20:50.369 * DB saved on disk
[88055] 13 May 16:20:50.369 * Removing the pid file.
[88055] 13 May 16:20:50.369 * Removing the unix socket file.
[88055] 13 May 16:20:50.369 # Redis is now ready to exit, bye bye...
[88394] 13 May 16:20:51.365 * Increased maximum number of open files to 10032 (it was originally set to 2560).
                _._                                                  
           _.-``__ ''-._                                             
      _.-``    `.  `_.  ''-._           Redis 2.8.17 (2cf0af2c/0) 64 bit
  .-`` .-```.  ```\/    _.,_ ''-._                                   
 (    '      ,       .-`  | `,    )     Running in stand alone mode
 |`-._`-...-` __...-.``-._|'` _.-'|     Port: 0
 |    `-._   `._    /     _.-'    |     PID: 88394
  `-._    `-._  `-./  _.-'    _.-'                                   
 |`-._`-._    `-.__.-'    _.-'_.-'|                                  
 |    `-._`-._        _.-'_.-'    |           http://redis.io        
  `-._    `-._`-.__.-'_.-'    _.-'                                   
 |`-._`-._    `-.__.-'    _.-'_.-'|                                  
 |    `-._`-._        _.-'_.-'    |                                  
  `-._    `-._`-.__.-'_.-'    _.-'                                   
      `-._    `-.__.-'    _.-'                                       
          `-._        _.-'                                           
              `-.__.-'                                               

[88394] 13 May 16:20:51.367 # Server started, Redis version 2.8.17
[88394] 13 May 16:20:51.367 * DB loaded from disk: 0.000 seconds
[88394] 13 May 16:20:51.367 * The server is now ready to accept connections at /var/folders/dq/fmxvg7vn0p1gq5h1rb_h6p700000gn/T/tmpF1Z4iB/redis.socket
[88394] 13 May 16:24:00.922 # User requested shutdown...
[88394] 13 May 16:24:00.922 * Saving the final RDB snapshot before exiting.
[88394] 13 May 16:24:00.923 * DB saved on disk
[88394] 13 May 16:24:00.923 * Removing the pid file.
[88394] 13 May 16:24:00.924 * Removing the unix socket file.
[88394] 13 May 16:24:00.924 # Redis is now ready to exit, bye bye...
[88538] 13 May 16:24:01.714 * Increased maximum number of open files to 10032 (it was originally set to 2560).
                _._                                                  
           _.-``__ ''-._                                             
      _.-``    `.  `_.  ''-._           Redis 2.8.17 (2cf0af2c/0) 64 bit
  .-`` .-```.  ```\/    _.,_ ''-._                                   
 (    '      ,       .-`  | `,    )     Running in stand alone mode
 |`-._`-...-` __...-.``-._|'` _.-'|     Port: 0
 |    `-._   `._    /     _.-'    |     PID: 88538
  `-._    `-._  `-./  _.-'    _.-'                                   
 |`-._`-._    `-.__.-'    _.-'_.-'|                                  
 |    `-._`-._        _.-'_.-'    |           http://redis.io        
  `-._    `-._`-.__.-'_.-'    _.-'                                   
 |`-._`-._    `-.__.-'    _.-'_.-'|                                  
 |    `-._`-._        _.-'_.-'    |                                  
  `-._    `-._`-.__.-'_.-'    _.-'                                   
      `-._    `-.__.-'    _.-'                                       
          `-._        _.-'                                           
              `-.__.-'                                               

[88538] 13 May 16:24:01.715 # Server started, Redis version 2.8.17
[88538] 13 May 16:24:01.716 * DB loaded from disk: 0.000 seconds
[88538] 13 May 16:24:01.716 * The server is now ready to accept connections at /var/folders/dq/fmxvg7vn0p1gq5h1rb_h6p700000gn/T/tmpbQKwUt/redis.socket
[88538] 13 May 18:03:58.744 # User requested shutdown...
[88538] 13 May 18:03:58.745 * Saving the final RDB snapshot before exiting.
[88538] 13 May 18:03:58.749 * DB saved on disk
[88538] 13 May 18:03:58.749 * Removing the pid file.
[88538] 13 May 18:03:58.750 * Removing the unix socket file.
[88538] 13 May 18:03:58.755 # Redis is now ready to exit, bye bye...
[89234] 13 May 21:07:27.035 * Increased maximum number of open files to 10032 (it was originally set to 2560).
                _._                                                  
           _.-``__ ''-._                                             
      _.-``    `.  `_.  ''-._           Redis 2.8.17 (2cf0af2c/0) 64 bit
  .-`` .-```.  ```\/    _.,_ ''-._                                   
 (    '      ,       .-`  | `,    )     Running in stand alone mode
 |`-._`-...-` __...-.``-._|'` _.-'|     Port: 0
 |    `-._   `._    /     _.-'    |     PID: 89234
  `-._    `-._  `-./  _.-'    _.-'                                   
 |`-._`-._    `-.__.-'    _.-'_.-'|                                  
 |    `-._`-._        _.-'_.-'    |           http://redis.io        
  `-._    `-._`-.__.-'_.-'    _.-'                                   
 |`-._`-._    `-.__.-'    _.-'_.-'|                                  
 |    `-._`-._        _.-'_.-'    |                                  
  `-._    `-._`-.__.-'_.-'    _.-'                                   
      `-._    `-.__.-'    _.-'                                       
          `-._        _.-'                                           
              `-.__.-'                                               

[89234] 13 May 21:07:27.041 # Server started, Redis version 2.8.17
[89234] 13 May 21:07:27.042 * DB loaded from disk: 0.001 seconds
[89234] 13 May 21:07:27.042 * The server is now ready to accept connections at /var/folders/dq/fmxvg7vn0p1gq5h1rb_h6p700000gn/T/tmpUA5vj0/redis.socket
[89234] 13 May 21:18:55.621 # User requested shutdown...
[89234] 13 May 21:18:55.621 * Saving the final RDB snapshot before exiting.
[89234] 13 May 21:18:55.623 * DB saved on disk
[89234] 13 May 21:18:55.623 * Removing the pid file.
[89234] 13 May 21:18:55.624 * Removing the unix socket file.
[89234] 13 May 21:18:55.624 # Redis is now ready to exit, bye bye...
[89692] 13 May 21:19:03.522 * Increased maximum number of open files to 10032 (it was originally set to 2560).
                _._                                                  
           _.-``__ ''-._                                             
      _.-``    `.  `_.  ''-._           Redis 2.8.17 (2cf0af2c/0) 64 bit
  .-`` .-```.  ```\/    _.,_ ''-._                                   
 (    '      ,       .-`  | `,    )     Running in stand alone mode
 |`-._`-...-` __...-.``-._|'` _.-'|     Port: 0
 |    `-._   `._    /     _.-'    |     PID: 89692
  `-._    `-._  `-./  _.-'    _.-'                                   
 |`-._`-._    `-.__.-'    _.-'_.-'|                                  
 |    `-._`-._        _.-'_.-'    |           http://redis.io        
  `-._    `-._`-.__.-'_.-'    _.-'                                   
 |`-._`-._    `-.__.-'    _.-'_.-'|                                  
 |    `-._`-._        _.-'_.-'    |                                  
  `-._    `-._`-.__.-'_.-'    _.-'                                   
      `-._    `-.__.-'    _.-'                                       
          `-._        _.-'                                           
              `-.__.-'                                               

[89692] 13 May 21:19:03.523 # Server started, Redis version 2.8.17
[89692] 13 May 21:19:03.523 * DB loaded from disk: 0.000 seconds
[89692] 13 May 21:19:03.523 * The server is now ready to accept connections at /var/folders/dq/fmxvg7vn0p1gq5h1rb_h6p700000gn/T/tmp5BIlNh/redis.socket
[89692] 13 May 21:33:26.826 # User requested shutdown...
[89692] 13 May 21:33:26.826 * Saving the final RDB snapshot before exiting.
[89692] 13 May 21:33:26.828 * DB saved on disk
[89692] 13 May 21:33:26.828 * Removing the pid file.
[89692] 13 May 21:33:26.828 * Removing the unix socket file.
[89692] 13 May 21:33:26.828 # Redis is now ready to exit, bye bye...
[90181] 13 May 21:33:28.183 * Increased maximum number of open files to 10032 (it was originally set to 2560).
                _._                                                  
           _.-``__ ''-._                                             
      _.-``    `.  `_.  ''-._           Redis 2.8.17 (2cf0af2c/0) 64 bit
  .-`` .-```.  ```\/    _.,_ ''-._                                   
 (    '      ,       .-`  | `,    )     Running in stand alone mode
 |`-._`-...-` __...-.``-._|'` _.-'|     Port: 0
 |    `-._   `._    /     _.-'    |     PID: 90181
  `-._    `-._  `-./  _.-'    _.-'                                   
 |`-._`-._    `-.__.-'    _.-'_.-'|                                  
 |    `-._`-._        _.-'_.-'    |           http://redis.io        
  `-._    `-._`-.__.-'_.-'    _.-'                                   
 |`-._`-._    `-.__.-'    _.-'_.-'|                                  
 |    `-._`-._        _.-'_.-'    |                                  
  `-._    `-._`-.__.-'_.-'    _.-'                                   
      `-._    `-.__.-'    _.-'                                       
          `-._        _.-'                                           
              `-.__.-'                                               

[90181] 13 May 21:33:28.185 # Server started, Redis version 2.8.17
[90181] 13 May 21:33:28.185 * DB loaded from disk: 0.000 seconds
[90181] 13 May 21:33:28.185 * The server is now ready to accept connections at /var/folders/dq/fmxvg7vn0p1gq5h1rb_h6p700000gn/T/tmpFIhfPh/redis.socket
[90181] 13 May 21:47:13.605 # User requested shutdown...
[90181] 13 May 21:47:13.605 * Saving the final RDB snapshot before exiting.
[90181] 13 May 21:47:13.607 * DB saved on disk
[90181] 13 May 21:47:13.607 * Removing the pid file.
[90181] 13 May 21:47:13.607 * Removing the unix socket file.
[90181] 13 May 21:47:13.607 # Redis is now ready to exit, bye bye...
[90813] 13 May 21:47:32.123 * Increased maximum number of open files to 10032 (it was originally set to 2560).
                _._                                                  
           _.-``__ ''-._                                             
      _.-``    `.  `_.  ''-._           Redis 2.8.17 (2cf0af2c/0) 64 bit
  .-`` .-```.  ```\/    _.,_ ''-._                                   
 (    '      ,       .-`  | `,    )     Running in stand alone mode
 |`-._`-...-` __...-.``-._|'` _.-'|     Port: 0
 |    `-._   `._    /     _.-'    |     PID: 90813
  `-._    `-._  `-./  _.-'    _.-'                                   
 |`-._`-._    `-.__.-'    _.-'_.-'|                                  
 |    `-._`-._        _.-'_.-'    |           http://redis.io        
  `-._    `-._`-.__.-'_.-'    _.-'                                   
 |`-._`-._    `-.__.-'    _.-'_.-'|                                  
 |    `-._`-._        _.-'_.-'    |                                  
  `-._    `-._`-.__.-'_.-'    _.-'                                   
      `-._    `-.__.-'    _.-'                                       
          `-._        _.-'                                           
              `-.__.-'                                               

[90813] 13 May 21:47:32.126 # Server started, Redis version 2.8.17
[90813] 13 May 21:47:32.127 * DB loaded from disk: 0.001 seconds
[90813] 13 May 21:47:32.127 * The server is now ready to accept connections at /var/folders/dq/fmxvg7vn0p1gq5h1rb_h6p700000gn/T/tmpipZinH/redis.socket
[90813] 13 May 22:10:04.156 # User requested shutdown...
[90813] 13 May 22:10:04.156 * Saving the final RDB snapshot before exiting.
[90813] 13 May 22:10:04.158 * DB saved on disk
[90813] 13 May 22:10:04.158 * Removing the pid file.
[90813] 13 May 22:10:04.159 * Removing the unix socket file.
[90813] 13 May 22:10:04.159 # Redis is now ready to exit, bye bye...
[93467] 13 May 22:10:16.950 * Increased maximum number of open files to 10032 (it was originally set to 2560).
                _._                                                  
           _.-``__ ''-._                                             
      _.-``    `.  `_.  ''-._           Redis 2.8.17 (2cf0af2c/0) 64 bit
  .-`` .-```.  ```\/    _.,_ ''-._                                   
 (    '      ,       .-`  | `,    )     Running in stand alone mode
 |`-._`-...-` __...-.``-._|'` _.-'|     Port: 0
 |    `-._   `._    /     _.-'    |     PID: 93467
  `-._    `-._  `-./  _.-'    _.-'                                   
 |`-._`-._    `-.__.-'    _.-'_.-'|                                  
 |    `-._`-._        _.-'_.-'    |           http://redis.io        
  `-._    `-._`-.__.-'_.-'    _.-'                                   
 |`-._`-._    `-.__.-'    _.-'_.-'|                                  
 |    `-._`-._        _.-'_.-'    |                                  
  `-._    `-._`-.__.-'_.-'    _.-'                                   
      `-._    `-.__.-'    _.-'                                       
          `-._        _.-'                                           
              `-.__.-'                                               

[93467] 13 May 22:10:16.953 # Server started, Redis version 2.8.17
[93467] 13 May 22:10:16.953 * DB loaded from disk: 0.000 seconds
[93467] 13 May 22:10:16.954 * The server is now ready to accept connections at /var/folders/dq/fmxvg7vn0p1gq5h1rb_h6p700000gn/T/tmp2X7avc/redis.socket
